<?xml version="1.0" encoding="UTF-8"?>
<!-- Generated by org.testng.reporters.JUnitXMLReporter -->
<testsuite ignored="0" hostname="Vikass-MacBook-Air.local" failures="1" tests="2" name="DemoBlaze Automation" time="17.991" errors="0" timestamp="2022-08-23T16:25:43 IST">
  <testcase classname="com.Numadic.TestCases.TestCases" name="firstScenario" time="12.618"/>
  <testcase classname="com.Numadic.TestCases.TestCases" name="secondScenario" time="4.63">
    <failure type="org.openqa.selenium.interactions.MoveTargetOutOfBoundsException" message="Build info: version: &amp;apos;4.1.1&amp;apos;, revision: &amp;apos;e8fcc2cecf&amp;apos;
System info: host: &amp;apos;Vikass-MacBook-Air.local&amp;apos;, ip: &amp;apos;fe80:0:0:0:1464:4fd3:27ea:93f5%en0&amp;apos;, os.name: &amp;apos;Mac OS X&amp;apos;, os.arch: &amp;apos;aarch64&amp;apos;, os.version: &amp;apos;12.5&amp;apos;, java.version: &amp;apos;18.0.1.1&amp;apos;
Driver info: org.openqa.selenium.safari.SafariDriver
Command: [5B76DDBA-1339-4B45-95A8-BA1C9A9240B8, actions {actions=[org.openqa.selenium.interactions.Sequence@78525ef9]}]
Capabilities {acceptInsecureCerts: false, browserName: Safari, browserVersion: 15.6, javascriptEnabled: true, platform: MAC, platformName: MAC, safari:automaticInspection: false, safari:automaticProfiling: false, safari:diagnose: false, safari:platformBuildVersion: 21G72, safari:platformVersion: 12.5, safari:useSimulator: false, setWindowRect: true, strictFileInteractability: false, webkit:WebRTC: {DisableICECandidateFiltering: false, DisableInsecureMediaCapture: false}}
Session ID: 5B76DDBA-1339-4B45-95A8-BA1C9A9240B8">
      <![CDATA[org.openqa.selenium.interactions.MoveTargetOutOfBoundsException: Build info: version: '4.1.1', revision: 'e8fcc2cecf'
System info: host: 'Vikass-MacBook-Air.local', ip: 'fe80:0:0:0:1464:4fd3:27ea:93f5%en0', os.name: 'Mac OS X', os.arch: 'aarch64', os.version: '12.5', java.version: '18.0.1.1'
Driver info: org.openqa.selenium.safari.SafariDriver
Command: [5B76DDBA-1339-4B45-95A8-BA1C9A9240B8, actions {actions=[org.openqa.selenium.interactions.Sequence@78525ef9]}]
Capabilities {acceptInsecureCerts: false, browserName: Safari, browserVersion: 15.6, javascriptEnabled: true, platform: MAC, platformName: MAC, safari:automaticInspection: false, safari:automaticProfiling: false, safari:diagnose: false, safari:platformBuildVersion: 21G72, safari:platformVersion: 12.5, safari:useSimulator: false, setWindowRect: true, strictFileInteractability: false, webkit:WebRTC: {DisableICECandidateFiltering: false, DisableInsecureMediaCapture: false}}
Session ID: 5B76DDBA-1339-4B45-95A8-BA1C9A9240B8
at org.openqa.selenium.remote.codec.w3c.W3CHttpResponseCodec.createException(W3CHttpResponseCodec.java:200)
at org.openqa.selenium.remote.codec.w3c.W3CHttpResponseCodec.decode(W3CHttpResponseCodec.java:133)
at org.openqa.selenium.remote.codec.w3c.W3CHttpResponseCodec.decode(W3CHttpResponseCodec.java:53)
at org.openqa.selenium.remote.HttpCommandExecutor.execute(HttpCommandExecutor.java:184)
at org.openqa.selenium.remote.service.DriverCommandExecutor.invokeExecute(DriverCommandExecutor.java:167)
at org.openqa.selenium.remote.service.DriverCommandExecutor.execute(DriverCommandExecutor.java:142)
at org.openqa.selenium.remote.RemoteWebDriver.execute(RemoteWebDriver.java:543)
at org.openqa.selenium.remote.RemoteWebDriver.perform(RemoteWebDriver.java:611)
at org.openqa.selenium.interactions.Actions$BuiltAction.perform(Actions.java:617)
at org.openqa.selenium.interactions.Actions.perform(Actions.java:573)
at com.Numadic.TestCases.TestCases.secondScenario(TestCases.java:82)
at java.base/java.util.ArrayList.forEach(ArrayList.java:1511)
... Removed 28 stack frames]]>
    </failure>
  </testcase> <!-- secondScenario -->
</testsuite> <!-- DemoBlaze Automation -->
