<?xml version="1.0" encoding="UTF-8"?>
<testng-results ignored="0" total="2" passed="1" failed="1" skipped="0">
  <reporter-output>
  </reporter-output>
  <suite started-at="2022-08-23T16:25:25 IST" name="Numadic Automation Test Suite" finished-at="2022-08-23T16:25:43 IST" duration-ms="17991">
    <groups>
    </groups>
    <test started-at="2022-08-23T16:25:25 IST" name="DemoBlaze Automation" finished-at="2022-08-23T16:25:43 IST" duration-ms="17991">
      <class name="com.Numadic.TestCases.TestCases">
        <test-method is-config="true" signature="setUp()[pri:0, instance:com.Numadic.TestCases.TestCases@15eb5ee5]" started-at="2022-08-23T16:25:24 IST" name="setUp" finished-at="2022-08-23T16:25:25 IST" duration-ms="1245" status="PASS">
          <reporter-output>
          </reporter-output>
        </test-method> <!-- setUp -->
        <test-method signature="firstScenario()[pri:0, instance:com.Numadic.TestCases.TestCases@15eb5ee5]" started-at="2022-08-23T16:25:25 IST" name="firstScenario" finished-at="2022-08-23T16:25:38 IST" duration-ms="12618" status="PASS">
          <reporter-output>
          </reporter-output>
        </test-method> <!-- firstScenario -->
        <test-method signature="secondScenario()[pri:1, instance:com.Numadic.TestCases.TestCases@15eb5ee5]" started-at="2022-08-23T16:25:38 IST" name="secondScenario" finished-at="2022-08-23T16:25:43 IST" duration-ms="4630" status="FAIL">
          <exception class="org.openqa.selenium.interactions.MoveTargetOutOfBoundsException">
            <message>
              <![CDATA[Build info: version: '4.1.1', revision: 'e8fcc2cecf'
System info: host: 'Vikass-MacBook-Air.local', ip: 'fe80:0:0:0:1464:4fd3:27ea:93f5%en0', os.name: 'Mac OS X', os.arch: 'aarch64', os.version: '12.5', java.version: '18.0.1.1'
Driver info: org.openqa.selenium.safari.SafariDriver
Command: [5B76DDBA-1339-4B45-95A8-BA1C9A9240B8, actions {actions=[org.openqa.selenium.interactions.Sequence@78525ef9]}]
Capabilities {acceptInsecureCerts: false, browserName: Safari, browserVersion: 15.6, javascriptEnabled: true, platform: MAC, platformName: MAC, safari:automaticInspection: false, safari:automaticProfiling: false, safari:diagnose: false, safari:platformBuildVersion: 21G72, safari:platformVersion: 12.5, safari:useSimulator: false, setWindowRect: true, strictFileInteractability: false, webkit:WebRTC: {DisableICECandidateFiltering: false, DisableInsecureMediaCapture: false}}
Session ID: 5B76DDBA-1339-4B45-95A8-BA1C9A9240B8]]>
            </message>
            <full-stacktrace>
              <![CDATA[org.openqa.selenium.interactions.MoveTargetOutOfBoundsException: Build info: version: '4.1.1', revision: 'e8fcc2cecf'
System info: host: 'Vikass-MacBook-Air.local', ip: 'fe80:0:0:0:1464:4fd3:27ea:93f5%en0', os.name: 'Mac OS X', os.arch: 'aarch64', os.version: '12.5', java.version: '18.0.1.1'
Driver info: org.openqa.selenium.safari.SafariDriver
Command: [5B76DDBA-1339-4B45-95A8-BA1C9A9240B8, actions {actions=[org.openqa.selenium.interactions.Sequence@78525ef9]}]
Capabilities {acceptInsecureCerts: false, browserName: Safari, browserVersion: 15.6, javascriptEnabled: true, platform: MAC, platformName: MAC, safari:automaticInspection: false, safari:automaticProfiling: false, safari:diagnose: false, safari:platformBuildVersion: 21G72, safari:platformVersion: 12.5, safari:useSimulator: false, setWindowRect: true, strictFileInteractability: false, webkit:WebRTC: {DisableICECandidateFiltering: false, DisableInsecureMediaCapture: false}}
Session ID: 5B76DDBA-1339-4B45-95A8-BA1C9A9240B8
at java.base/jdk.internal.reflect.DirectConstructorHandleAccessor.newInstance(DirectConstructorHandleAccessor.java:67)
at java.base/java.lang.reflect.Constructor.newInstanceWithCaller(Constructor.java:499)
at java.base/java.lang.reflect.Constructor.newInstance(Constructor.java:483)
at org.openqa.selenium.remote.codec.w3c.W3CHttpResponseCodec.createException(W3CHttpResponseCodec.java:200)
at org.openqa.selenium.remote.codec.w3c.W3CHttpResponseCodec.decode(W3CHttpResponseCodec.java:133)
at org.openqa.selenium.remote.codec.w3c.W3CHttpResponseCodec.decode(W3CHttpResponseCodec.java:53)
at org.openqa.selenium.remote.HttpCommandExecutor.execute(HttpCommandExecutor.java:184)
at org.openqa.selenium.remote.service.DriverCommandExecutor.invokeExecute(DriverCommandExecutor.java:167)
at org.openqa.selenium.remote.service.DriverCommandExecutor.execute(DriverCommandExecutor.java:142)
at org.openqa.selenium.remote.RemoteWebDriver.execute(RemoteWebDriver.java:543)
at org.openqa.selenium.remote.RemoteWebDriver.perform(RemoteWebDriver.java:611)
at org.openqa.selenium.interactions.Actions$BuiltAction.perform(Actions.java:617)
at org.openqa.selenium.interactions.Actions.perform(Actions.java:573)
at com.Numadic.TestCases.TestCases.secondScenario(TestCases.java:82)
at java.base/jdk.internal.reflect.DirectMethodHandleAccessor.invoke(DirectMethodHandleAccessor.java:104)
at java.base/java.lang.reflect.Method.invoke(Method.java:577)
at org.testng.internal.MethodInvocationHelper.invokeMethod(MethodInvocationHelper.java:133)
at org.testng.internal.TestInvoker.invokeMethod(TestInvoker.java:598)
at org.testng.internal.TestInvoker.invokeTestMethod(TestInvoker.java:173)
at org.testng.internal.MethodRunner.runInSequence(MethodRunner.java:46)
at org.testng.internal.TestInvoker$MethodInvocationAgent.invoke(TestInvoker.java:824)
at org.testng.internal.TestInvoker.invokeTestMethods(TestInvoker.java:146)
at org.testng.internal.TestMethodWorker.invokeTestMethods(TestMethodWorker.java:146)
at org.testng.internal.TestMethodWorker.run(TestMethodWorker.java:128)
at java.base/java.util.ArrayList.forEach(ArrayList.java:1511)
at org.testng.TestRunner.privateRun(TestRunner.java:794)
at org.testng.TestRunner.run(TestRunner.java:596)
at org.testng.SuiteRunner.runTest(SuiteRunner.java:377)
at org.testng.SuiteRunner.runSequentially(SuiteRunner.java:371)
at org.testng.SuiteRunner.privateRun(SuiteRunner.java:332)
at org.testng.SuiteRunner.run(SuiteRunner.java:276)
at org.testng.SuiteRunnerWorker.runSuite(SuiteRunnerWorker.java:53)
at org.testng.SuiteRunnerWorker.run(SuiteRunnerWorker.java:96)
at org.testng.TestNG.runSuitesSequentially(TestNG.java:1212)
at org.testng.TestNG.runSuitesLocally(TestNG.java:1134)
at org.testng.TestNG.runSuites(TestNG.java:1063)
at org.testng.TestNG.run(TestNG.java:1031)
at org.testng.remote.AbstractRemoteTestNG.run(AbstractRemoteTestNG.java:115)
at org.testng.remote.RemoteTestNG.initAndRun(RemoteTestNG.java:251)
at org.testng.remote.RemoteTestNG.main(RemoteTestNG.java:77)
]]>
            </full-stacktrace>
          </exception> <!-- org.openqa.selenium.interactions.MoveTargetOutOfBoundsException -->
          <reporter-output>
          </reporter-output>
        </test-method> <!-- secondScenario -->
      </class> <!-- com.Numadic.TestCases.TestCases -->
    </test> <!-- DemoBlaze Automation -->
  </suite> <!-- Numadic Automation Test Suite -->
</testng-results>
